{"C:\\Users\\richa\\Desktop\\RRC\\S3\\Back-End Development\\Final_Project\\3018_Final_Project\\src\\app.ts": {"path":"C:\\Users\\richa\\Desktop\\RRC\\S3\\Back-End Development\\Final_Project\\3018_Final_Project\\src\\app.ts","statementMap":{"0":{"start":{"line":1,"column":0},"end":{"line":1,"column":43}},"1":{"start":{"line":2,"column":0},"end":{"line":2,"column":52}},"2":{"start":{"line":3,"column":0},"end":{"line":3,"column":54}},"3":{"start":{"line":4,"column":0},"end":{"line":4,"column":52}},"4":{"start":{"line":5,"column":0},"end":{"line":5,"column":56}},"5":{"start":{"line":6,"column":0},"end":{"line":6,"column":64}},"6":{"start":{"line":7,"column":0},"end":{"line":7,"column":24}},"7":{"start":{"line":8,"column":0},"end":{"line":8,"column":61}},"8":{"start":{"line":11,"column":21},"end":{"line":11,"column":30}},"9":{"start":{"line":13,"column":0},"end":{"line":13,"column":27}},"10":{"start":{"line":15,"column":0},"end":{"line":15,"column":32}},"11":{"start":{"line":17,"column":0},"end":{"line":17,"column":24}},"12":{"start":{"line":23,"column":0},"end":{"line":29,"column":3}},"13":{"start":{"line":24,"column":2},"end":{"line":28,"column":5}},"14":{"start":{"line":31,"column":0},"end":{"line":31,"column":37}},"15":{"start":{"line":33,"column":0},"end":{"line":33,"column":38}},"16":{"start":{"line":35,"column":0},"end":{"line":35,"column":40}},"17":{"start":{"line":38,"column":0},"end":{"line":38,"column":18}},"18":{"start":{"line":40,"column":0},"end":{"line":40,"column":19}}},"fnMap":{"0":{"name":"(anonymous_1)","decl":{"start":{"line":23,"column":26},"end":{"line":23,"column":27}},"loc":{"start":{"line":23,"column":39},"end":{"line":29,"column":1}}}},"branchMap":{},"s":{"0":2,"1":2,"2":2,"3":2,"4":2,"5":2,"6":2,"7":2,"8":2,"9":2,"10":2,"11":2,"12":2,"13":1,"14":2,"15":2,"16":2,"17":2,"18":2},"f":{"0":1},"b":{}}
,"C:\\Users\\richa\\Desktop\\RRC\\S3\\Back-End Development\\Final_Project\\3018_Final_Project\\src\\api\\v1\\configs\\corsConfig.ts": {"path":"C:\\Users\\richa\\Desktop\\RRC\\S3\\Back-End Development\\Final_Project\\3018_Final_Project\\src\\api\\v1\\configs\\corsConfig.ts","statementMap":{"0":{"start":{"line":1,"column":23},"end":{"line":17,"column":1}},"1":{"start":{"line":2,"column":24},"end":{"line":2,"column":62}},"2":{"start":{"line":4,"column":2},"end":{"line":9,"column":3}},"3":{"start":{"line":5,"column":4},"end":{"line":8,"column":6}},"4":{"start":{"line":11,"column":2},"end":{"line":16,"column":4}},"5":{"start":{"line":19,"column":9},"end":{"line":19,"column":23}}},"fnMap":{"0":{"name":"(anonymous_0)","decl":{"start":{"line":1,"column":23},"end":{"line":1,"column":26}},"loc":{"start":{"line":1,"column":28},"end":{"line":17,"column":1}}}},"branchMap":{"0":{"loc":{"start":{"line":4,"column":2},"end":{"line":9,"column":3}},"type":"if","locations":[{"start":{"line":4,"column":2},"end":{"line":9,"column":3}},{"start":{},"end":{}}]},"1":{"loc":{"start":{"line":12,"column":12},"end":{"line":12,"column":57}},"type":"binary-expr","locations":[{"start":{"line":12,"column":12},"end":{"line":12,"column":51}},{"start":{"line":12,"column":55},"end":{"line":12,"column":57}}]},"2":{"loc":{"start":{"line":12,"column":12},"end":{"line":12,"column":51}},"type":"cond-expr","locations":[{"start":{"line":12,"column":39},"end":{"line":12,"column":41}},{"start":{"line":12,"column":39},"end":{"line":12,"column":51}}]},"3":{"loc":{"start":{"line":12,"column":12},"end":{"line":12,"column":41}},"type":"binary-expr","locations":[{"start":{"line":12,"column":12},"end":{"line":12,"column":41}},{"start":{"line":12,"column":39},"end":{"line":12,"column":41}}]}},"s":{"0":2,"1":2,"2":2,"3":0,"4":2,"5":2},"f":{"0":2},"b":{"0":[0,2],"1":[2,0],"2":[0,2],"3":[2,2]}}
,"C:\\Users\\richa\\Desktop\\RRC\\S3\\Back-End Development\\Final_Project\\3018_Final_Project\\src\\api\\v1\\configs\\firebaseConfig.ts": {"path":"C:\\Users\\richa\\Desktop\\RRC\\S3\\Back-End Development\\Final_Project\\3018_Final_Project\\src\\api\\v1\\configs\\firebaseConfig.ts","statementMap":{"0":{"start":{"line":8,"column":0},"end":{"line":8,"column":null}},"1":{"start":{"line":17,"column":0},"end":{"line":17,"column":67}},"2":{"start":{"line":18,"column":0},"end":{"line":18,"column":52}},"3":{"start":{"line":19,"column":0},"end":{"line":19,"column":61}},"4":{"start":{"line":27,"column":26},"end":{"line":56,"column":1}},"5":{"start":{"line":32,"column":6},"end":{"line":32,"column":17}},"6":{"start":{"line":34,"column":2},"end":{"line":42,"column":3}},"7":{"start":{"line":39,"column":4},"end":{"line":41,"column":6}},"8":{"start":{"line":44,"column":41},"end":{"line":48,"column":4}},"9":{"start":{"line":50,"column":2},"end":{"line":55,"column":4}},"10":{"start":{"line":63,"column":32},"end":{"line":71,"column":1}},"11":{"start":{"line":64,"column":27},"end":{"line":64,"column":39}},"12":{"start":{"line":66,"column":2},"end":{"line":68,"column":3}},"13":{"start":{"line":67,"column":4},"end":{"line":67,"column":23}},"14":{"start":{"line":70,"column":2},"end":{"line":70,"column":44}},"15":{"start":{"line":74,"column":17},"end":{"line":74,"column":42}},"16":{"start":{"line":77,"column":22},"end":{"line":77,"column":39}},"17":{"start":{"line":82,"column":9},"end":{"line":82,"column":11}},"18":{"start":{"line":78,"column":19},"end":{"line":78,"column":31}},"19":{"start":{"line":82,"column":13},"end":{"line":82,"column":17}},"20":{"start":{"line":79,"column":25},"end":{"line":79,"column":40}},"21":{"start":{"line":82,"column":19},"end":{"line":82,"column":26}}},"fnMap":{"0":{"name":"(anonymous_0)","decl":{"start":{"line":27,"column":26},"end":{"line":27,"column":41}},"loc":{"start":{"line":27,"column":43},"end":{"line":56,"column":1}}},"1":{"name":"(anonymous_1)","decl":{"start":{"line":63,"column":32},"end":{"line":63,"column":40}},"loc":{"start":{"line":63,"column":42},"end":{"line":71,"column":1}}}},"branchMap":{"0":{"loc":{"start":{"line":34,"column":2},"end":{"line":42,"column":3}},"type":"if","locations":[{"start":{"line":34,"column":2},"end":{"line":42,"column":3}},{"start":{},"end":{}}]},"1":{"loc":{"start":{"line":35,"column":4},"end":{"line":37,"column":25}},"type":"binary-expr","locations":[{"start":{"line":35,"column":4},"end":{"line":35,"column":24}},{"start":{"line":36,"column":4},"end":{"line":36,"column":26}},{"start":{"line":37,"column":4},"end":{"line":37,"column":25}}]},"2":{"loc":{"start":{"line":66,"column":2},"end":{"line":68,"column":3}},"type":"if","locations":[{"start":{"line":66,"column":2},"end":{"line":68,"column":3}},{"start":{},"end":{}}]}},"s":{"0":2,"1":2,"2":2,"3":2,"4":2,"5":2,"6":2,"7":0,"8":2,"9":2,"10":2,"11":2,"12":2,"13":0,"14":2,"15":2,"16":2,"17":2,"18":2,"19":2,"20":2,"21":2},"f":{"0":2,"1":2},"b":{"0":[0,2],"1":[2,2,2],"2":[0,2]}}
,"C:\\Users\\richa\\Desktop\\RRC\\S3\\Back-End Development\\Final_Project\\3018_Final_Project\\src\\api\\v1\\configs\\helmetConfig.ts": {"path":"C:\\Users\\richa\\Desktop\\RRC\\S3\\Back-End Development\\Final_Project\\3018_Final_Project\\src\\api\\v1\\configs\\helmetConfig.ts","statementMap":{"0":{"start":{"line":1,"column":0},"end":{"line":1,"column":28}},"1":{"start":{"line":3,"column":31},"end":{"line":30,"column":1}},"2":{"start":{"line":4,"column":24},"end":{"line":4,"column":62}},"3":{"start":{"line":7,"column":21},"end":{"line":11,"column":4}},"4":{"start":{"line":13,"column":2},"end":{"line":18,"column":3}},"5":{"start":{"line":14,"column":4},"end":{"line":17,"column":7}},"6":{"start":{"line":20,"column":2},"end":{"line":29,"column":5}},"7":{"start":{"line":3,"column":13},"end":{"line":3,"column":31}}},"fnMap":{"0":{"name":"(anonymous_1)","decl":{"start":{"line":3,"column":31},"end":{"line":3,"column":34}},"loc":{"start":{"line":3,"column":36},"end":{"line":30,"column":1}}}},"branchMap":{"0":{"loc":{"start":{"line":13,"column":2},"end":{"line":18,"column":3}},"type":"if","locations":[{"start":{"line":13,"column":2},"end":{"line":18,"column":3}},{"start":{},"end":{}}]}},"s":{"0":2,"1":2,"2":2,"3":2,"4":2,"5":0,"6":2,"7":2},"f":{"0":2},"b":{"0":[0,2]}}
,"C:\\Users\\richa\\Desktop\\RRC\\S3\\Back-End Development\\Final_Project\\3018_Final_Project\\src\\api\\v1\\configs\\swagger.ts": {"path":"C:\\Users\\richa\\Desktop\\RRC\\S3\\Back-End Development\\Final_Project\\3018_Final_Project\\src\\api\\v1\\configs\\swagger.ts","statementMap":{"0":{"start":{"line":2,"column":0},"end":{"line":2,"column":43}},"1":{"start":{"line":3,"column":0},"end":{"line":3,"column":41}},"2":{"start":{"line":5,"column":38},"end":{"line":32,"column":2}},"3":{"start":{"line":34,"column":20},"end":{"line":34,"column":41}},"4":{"start":{"line":36,"column":21},"end":{"line":38,"column":1}},"5":{"start":{"line":37,"column":2},"end":{"line":37,"column":70}},"6":{"start":{"line":40,"column":0},"end":{"line":40,"column":28}}},"fnMap":{"0":{"name":"(anonymous_1)","decl":{"start":{"line":36,"column":21},"end":{"line":36,"column":22}},"loc":{"start":{"line":36,"column":38},"end":{"line":38,"column":1}}}},"branchMap":{},"s":{"0":2,"1":2,"2":2,"3":2,"4":2,"5":2,"6":2},"f":{"0":2},"b":{}}
,"C:\\Users\\richa\\Desktop\\RRC\\S3\\Back-End Development\\Final_Project\\3018_Final_Project\\src\\api\\v1\\controllers\\adminController.ts": {"path":"C:\\Users\\richa\\Desktop\\RRC\\S3\\Back-End Development\\Final_Project\\3018_Final_Project\\src\\api\\v1\\controllers\\adminController.ts","statementMap":{"0":{"start":{"line":3,"column":0},"end":{"line":3,"column":49}},"1":{"start":{"line":8,"column":31},"end":{"line":34,"column":2}},"2":{"start":{"line":8,"column":69},"end":{"line":34,"column":2}},"3":{"start":{"line":9,"column":2},"end":{"line":33,"column":3}},"4":{"start":{"line":10,"column":28},"end":{"line":10,"column":36}},"5":{"start":{"line":13,"column":4},"end":{"line":17,"column":5}},"6":{"start":{"line":14,"column":6},"end":{"line":16,"column":9}},"7":{"start":{"line":20,"column":17},"end":{"line":20,"column":49}},"8":{"start":{"line":23,"column":4},"end":{"line":23,"column":55}},"9":{"start":{"line":25,"column":4},"end":{"line":27,"column":7}},"10":{"start":{"line":29,"column":4},"end":{"line":29,"column":25}},"11":{"start":{"line":30,"column":4},"end":{"line":32,"column":7}},"12":{"start":{"line":8,"column":13},"end":{"line":8,"column":31}}},"fnMap":{"0":{"name":"(anonymous_7)","decl":{"start":{"line":8,"column":31},"end":{"line":8,"column":38}},"loc":{"start":{"line":8,"column":69},"end":{"line":34,"column":2}}},"1":{"name":"(anonymous_8)","decl":{"start":{"line":8,"column":69},"end":{"line":8,"column":null}},"loc":{"start":{"line":8,"column":69},"end":{"line":34,"column":1}}}},"branchMap":{"0":{"loc":{"start":{"line":13,"column":4},"end":{"line":17,"column":5}},"type":"if","locations":[{"start":{"line":13,"column":4},"end":{"line":17,"column":5}},{"start":{},"end":{}}]},"1":{"loc":{"start":{"line":13,"column":8},"end":{"line":13,"column":23}},"type":"binary-expr","locations":[{"start":{"line":13,"column":8},"end":{"line":13,"column":14}},{"start":{"line":13,"column":18},"end":{"line":13,"column":23}}]}},"s":{"0":2,"1":2,"2":0,"3":0,"4":0,"5":0,"6":0,"7":0,"8":0,"9":0,"10":0,"11":0,"12":2},"f":{"0":0,"1":0},"b":{"0":[0,0],"1":[0,0]}}
,"C:\\Users\\richa\\Desktop\\RRC\\S3\\Back-End Development\\Final_Project\\3018_Final_Project\\src\\api\\v1\\controllers\\fileController.ts": {"path":"C:\\Users\\richa\\Desktop\\RRC\\S3\\Back-End Development\\Final_Project\\3018_Final_Project\\src\\api\\v1\\controllers\\fileController.ts","statementMap":{"0":{"start":{"line":2,"column":0},"end":{"line":2,"column":55}},"1":{"start":{"line":7,"column":27},"end":{"line":29,"column":2}},"2":{"start":{"line":7,"column":65},"end":{"line":29,"column":2}},"3":{"start":{"line":8,"column":2},"end":{"line":28,"column":3}},"4":{"start":{"line":9,"column":17},"end":{"line":9,"column":41}},"5":{"start":{"line":13,"column":4},"end":{"line":19,"column":5}},"6":{"start":{"line":15,"column":6},"end":{"line":15,"column":56}},"7":{"start":{"line":18,"column":6},"end":{"line":18,"column":46}},"8":{"start":{"line":21,"column":4},"end":{"line":21,"column":20}},"9":{"start":{"line":23,"column":4},"end":{"line":23,"column":25}},"10":{"start":{"line":25,"column":4},"end":{"line":27,"column":7}},"11":{"start":{"line":7,"column":13},"end":{"line":7,"column":27}},"12":{"start":{"line":34,"column":27},"end":{"line":42,"column":2}},"13":{"start":{"line":34,"column":65},"end":{"line":42,"column":2}},"14":{"start":{"line":35,"column":15},"end":{"line":35,"column":69}},"15":{"start":{"line":37,"column":2},"end":{"line":39,"column":3}},"16":{"start":{"line":38,"column":4},"end":{"line":38,"column":63}},"17":{"start":{"line":41,"column":2},"end":{"line":41,"column":17}},"18":{"start":{"line":34,"column":13},"end":{"line":34,"column":27}},"19":{"start":{"line":47,"column":26},"end":{"line":50,"column":2}},"20":{"start":{"line":47,"column":64},"end":{"line":50,"column":2}},"21":{"start":{"line":48,"column":15},"end":{"line":48,"column":53}},"22":{"start":{"line":49,"column":2},"end":{"line":49,"column":29}},"23":{"start":{"line":47,"column":13},"end":{"line":47,"column":26}},"24":{"start":{"line":55,"column":26},"end":{"line":66,"column":2}},"25":{"start":{"line":55,"column":64},"end":{"line":66,"column":2}},"26":{"start":{"line":56,"column":15},"end":{"line":58,"column":null}},"27":{"start":{"line":61,"column":2},"end":{"line":63,"column":3}},"28":{"start":{"line":62,"column":4},"end":{"line":62,"column":63}},"29":{"start":{"line":65,"column":2},"end":{"line":65,"column":17}},"30":{"start":{"line":55,"column":13},"end":{"line":55,"column":26}},"31":{"start":{"line":71,"column":26},"end":{"line":79,"column":2}},"32":{"start":{"line":71,"column":64},"end":{"line":79,"column":2}},"33":{"start":{"line":72,"column":18},"end":{"line":72,"column":71}},"34":{"start":{"line":74,"column":2},"end":{"line":76,"column":3}},"35":{"start":{"line":75,"column":4},"end":{"line":75,"column":63}},"36":{"start":{"line":78,"column":2},"end":{"line":78,"column":48}},"37":{"start":{"line":71,"column":13},"end":{"line":71,"column":26}}},"fnMap":{"0":{"name":"(anonymous_16)","decl":{"start":{"line":7,"column":27},"end":{"line":7,"column":34}},"loc":{"start":{"line":7,"column":65},"end":{"line":29,"column":2}}},"1":{"name":"(anonymous_17)","decl":{"start":{"line":7,"column":65},"end":{"line":7,"column":null}},"loc":{"start":{"line":7,"column":65},"end":{"line":29,"column":1}}},"2":{"name":"(anonymous_18)","decl":{"start":{"line":34,"column":27},"end":{"line":34,"column":34}},"loc":{"start":{"line":34,"column":65},"end":{"line":42,"column":2}}},"3":{"name":"(anonymous_19)","decl":{"start":{"line":34,"column":65},"end":{"line":34,"column":null}},"loc":{"start":{"line":34,"column":65},"end":{"line":42,"column":1}}},"4":{"name":"(anonymous_20)","decl":{"start":{"line":47,"column":26},"end":{"line":47,"column":33}},"loc":{"start":{"line":47,"column":64},"end":{"line":50,"column":2}}},"5":{"name":"(anonymous_21)","decl":{"start":{"line":47,"column":64},"end":{"line":47,"column":null}},"loc":{"start":{"line":47,"column":64},"end":{"line":50,"column":1}}},"6":{"name":"(anonymous_22)","decl":{"start":{"line":55,"column":26},"end":{"line":55,"column":33}},"loc":{"start":{"line":55,"column":64},"end":{"line":66,"column":2}}},"7":{"name":"(anonymous_23)","decl":{"start":{"line":55,"column":64},"end":{"line":55,"column":null}},"loc":{"start":{"line":55,"column":64},"end":{"line":66,"column":1}}},"8":{"name":"(anonymous_24)","decl":{"start":{"line":71,"column":26},"end":{"line":71,"column":33}},"loc":{"start":{"line":71,"column":64},"end":{"line":79,"column":2}}},"9":{"name":"(anonymous_25)","decl":{"start":{"line":71,"column":64},"end":{"line":71,"column":null}},"loc":{"start":{"line":71,"column":64},"end":{"line":79,"column":1}}}},"branchMap":{"0":{"loc":{"start":{"line":13,"column":4},"end":{"line":19,"column":5}},"type":"if","locations":[{"start":{"line":13,"column":4},"end":{"line":19,"column":5}},{"start":{"line":16,"column":11},"end":{"line":19,"column":5}}]},"1":{"loc":{"start":{"line":37,"column":2},"end":{"line":39,"column":3}},"type":"if","locations":[{"start":{"line":37,"column":2},"end":{"line":39,"column":3}},{"start":{},"end":{}}]},"2":{"loc":{"start":{"line":61,"column":2},"end":{"line":63,"column":3}},"type":"if","locations":[{"start":{"line":61,"column":2},"end":{"line":63,"column":3}},{"start":{},"end":{}}]},"3":{"loc":{"start":{"line":74,"column":2},"end":{"line":76,"column":3}},"type":"if","locations":[{"start":{"line":74,"column":2},"end":{"line":76,"column":3}},{"start":{},"end":{}}]}},"s":{"0":2,"1":2,"2":3,"3":3,"4":3,"5":3,"6":1,"7":2,"8":3,"9":0,"10":0,"11":2,"12":2,"13":3,"14":3,"15":3,"16":2,"17":1,"18":2,"19":2,"20":1,"21":1,"22":1,"23":2,"24":2,"25":1,"26":1,"27":1,"28":0,"29":1,"30":2,"31":2,"32":1,"33":1,"34":1,"35":0,"36":1,"37":2},"f":{"0":3,"1":3,"2":3,"3":3,"4":1,"5":1,"6":1,"7":1,"8":1,"9":1},"b":{"0":[1,2],"1":[2,1],"2":[0,1],"3":[0,1]}}
,"C:\\Users\\richa\\Desktop\\RRC\\S3\\Back-End Development\\Final_Project\\3018_Final_Project\\src\\api\\v1\\controllers\\uploadController.ts": {"path":"C:\\Users\\richa\\Desktop\\RRC\\S3\\Back-End Development\\Final_Project\\3018_Final_Project\\src\\api\\v1\\controllers\\uploadController.ts","statementMap":{"0":{"start":{"line":2,"column":0},"end":{"line":2,"column":56}},"1":{"start":{"line":3,"column":0},"end":{"line":3,"column":20}},"2":{"start":{"line":8,"column":26},"end":{"line":55,"column":2}},"3":{"start":{"line":8,"column":64},"end":{"line":55,"column":2}},"4":{"start":{"line":9,"column":2},"end":{"line":54,"column":3}},"5":{"start":{"line":10,"column":4},"end":{"line":14,"column":5}},"6":{"start":{"line":11,"column":6},"end":{"line":13,"column":9}},"7":{"start":{"line":16,"column":19},"end":{"line":16,"column":35}},"8":{"start":{"line":17,"column":22},"end":{"line":17,"column":35}},"9":{"start":{"line":19,"column":21},"end":{"line":19,"column":69}},"10":{"start":{"line":20,"column":17},"end":{"line":20,"column":38}},"11":{"start":{"line":22,"column":4},"end":{"line":26,"column":7}},"12":{"start":{"line":28,"column":4},"end":{"line":28,"column":28}},"13":{"start":{"line":30,"column":22},"end":{"line":30,"column":81}},"14":{"start":{"line":32,"column":16},"end":{"line":38,"column":6}},"15":{"start":{"line":40,"column":4},"end":{"line":40,"column":29}},"16":{"start":{"line":42,"column":4},"end":{"line":46,"column":7}},"17":{"start":{"line":49,"column":4},"end":{"line":49,"column":25}},"18":{"start":{"line":51,"column":4},"end":{"line":53,"column":7}},"19":{"start":{"line":8,"column":13},"end":{"line":8,"column":26}}},"fnMap":{"0":{"name":"(anonymous_8)","decl":{"start":{"line":8,"column":26},"end":{"line":8,"column":33}},"loc":{"start":{"line":8,"column":64},"end":{"line":55,"column":2}}},"1":{"name":"(anonymous_9)","decl":{"start":{"line":8,"column":64},"end":{"line":8,"column":null}},"loc":{"start":{"line":8,"column":64},"end":{"line":55,"column":1}}}},"branchMap":{"0":{"loc":{"start":{"line":10,"column":4},"end":{"line":14,"column":5}},"type":"if","locations":[{"start":{"line":10,"column":4},"end":{"line":14,"column":5}},{"start":{},"end":{}}]}},"s":{"0":2,"1":2,"2":2,"3":0,"4":0,"5":0,"6":0,"7":0,"8":0,"9":0,"10":0,"11":0,"12":0,"13":0,"14":0,"15":0,"16":0,"17":0,"18":0,"19":2},"f":{"0":0,"1":0},"b":{"0":[0,0]}}
,"C:\\Users\\richa\\Desktop\\RRC\\S3\\Back-End Development\\Final_Project\\3018_Final_Project\\src\\api\\v1\\middleware\\authenticate.ts": {"path":"C:\\Users\\richa\\Desktop\\RRC\\S3\\Back-End Development\\Final_Project\\3018_Final_Project\\src\\api\\v1\\middleware\\authenticate.ts","statementMap":{"0":{"start":{"line":2,"column":0},"end":{"line":2,"column":49}},"1":{"start":{"line":3,"column":0},"end":{"line":3,"column":38}},"2":{"start":{"line":13,"column":28},"end":{"line":63,"column":2}},"3":{"start":{"line":17,"column":4},"end":{"line":63,"column":2}},"4":{"start":{"line":18,"column":2},"end":{"line":62,"column":3}},"5":{"start":{"line":22,"column":23},"end":{"line":22,"column":48}},"6":{"start":{"line":24,"column":4},"end":{"line":28,"column":5}},"7":{"start":{"line":25,"column":6},"end":{"line":27,"column":9}},"8":{"start":{"line":33,"column":20},"end":{"line":33,"column":50}},"9":{"start":{"line":38,"column":25},"end":{"line":38,"column":58}},"10":{"start":{"line":43,"column":16},"end":{"line":43,"column":32}},"11":{"start":{"line":46,"column":24},"end":{"line":46,"column":66}},"12":{"start":{"line":51,"column":4},"end":{"line":51,"column":25}},"13":{"start":{"line":52,"column":4},"end":{"line":52,"column":27}},"14":{"start":{"line":57,"column":4},"end":{"line":57,"column":11}},"15":{"start":{"line":59,"column":4},"end":{"line":61,"column":7}},"16":{"start":{"line":13,"column":13},"end":{"line":13,"column":28}}},"fnMap":{"0":{"name":"(anonymous_7)","decl":{"start":{"line":13,"column":28},"end":{"line":13,"column":null}},"loc":{"start":{"line":17,"column":4},"end":{"line":63,"column":2}}},"1":{"name":"(anonymous_8)","decl":{"start":{"line":17,"column":4},"end":{"line":17,"column":null}},"loc":{"start":{"line":17,"column":4},"end":{"line":63,"column":1}}}},"branchMap":{"0":{"loc":{"start":{"line":24,"column":4},"end":{"line":28,"column":5}},"type":"if","locations":[{"start":{"line":24,"column":4},"end":{"line":28,"column":5}},{"start":{},"end":{}}]},"1":{"loc":{"start":{"line":24,"column":8},"end":{"line":24,"column":56}},"type":"binary-expr","locations":[{"start":{"line":24,"column":8},"end":{"line":24,"column":19}},{"start":{"line":24,"column":23},"end":{"line":24,"column":56}}]},"2":{"loc":{"start":{"line":46,"column":24},"end":{"line":46,"column":66}},"type":"binary-expr","locations":[{"start":{"line":46,"column":24},"end":{"line":46,"column":50}},{"start":{"line":46,"column":54},"end":{"line":46,"column":66}}]}},"s":{"0":0,"1":0,"2":0,"3":0,"4":0,"5":0,"6":0,"7":0,"8":0,"9":0,"10":0,"11":0,"12":0,"13":0,"14":0,"15":0,"16":0},"f":{"0":0,"1":0},"b":{"0":[0,0],"1":[0,0],"2":[0,0]}}
,"C:\\Users\\richa\\Desktop\\RRC\\S3\\Back-End Development\\Final_Project\\3018_Final_Project\\src\\api\\v1\\middleware\\authorizeRoles.ts": {"path":"C:\\Users\\richa\\Desktop\\RRC\\S3\\Back-End Development\\Final_Project\\3018_Final_Project\\src\\api\\v1\\middleware\\authorizeRoles.ts","statementMap":{"0":{"start":{"line":9,"column":30},"end":{"line":39,"column":1}},"1":{"start":{"line":10,"column":2},"end":{"line":38,"column":4}},"2":{"start":{"line":14,"column":27},"end":{"line":14,"column":42}},"3":{"start":{"line":19,"column":4},"end":{"line":23,"column":5}},"4":{"start":{"line":20,"column":6},"end":{"line":22,"column":9}},"5":{"start":{"line":28,"column":4},"end":{"line":32,"column":5}},"6":{"start":{"line":29,"column":6},"end":{"line":31,"column":9}},"7":{"start":{"line":37,"column":4},"end":{"line":37,"column":11}},"8":{"start":{"line":9,"column":13},"end":{"line":9,"column":30}}},"fnMap":{"0":{"name":"(anonymous_0)","decl":{"start":{"line":9,"column":30},"end":{"line":9,"column":31}},"loc":{"start":{"line":9,"column":58},"end":{"line":39,"column":1}}},"1":{"name":"(anonymous_1)","decl":{"start":{"line":10,"column":9},"end":{"line":10,"column":10}},"loc":{"start":{"line":10,"column":61},"end":{"line":38,"column":3}}}},"branchMap":{"0":{"loc":{"start":{"line":19,"column":4},"end":{"line":23,"column":5}},"type":"if","locations":[{"start":{"line":19,"column":4},"end":{"line":23,"column":5}},{"start":{},"end":{}}]},"1":{"loc":{"start":{"line":28,"column":4},"end":{"line":32,"column":5}},"type":"if","locations":[{"start":{"line":28,"column":4},"end":{"line":32,"column":5}},{"start":{},"end":{}}]}},"s":{"0":2,"1":14,"2":9,"3":9,"4":0,"5":9,"6":0,"7":9,"8":2},"f":{"0":14,"1":9},"b":{"0":[0,9],"1":[0,9]}}
,"C:\\Users\\richa\\Desktop\\RRC\\S3\\Back-End Development\\Final_Project\\3018_Final_Project\\src\\api\\v1\\middleware\\upload.ts": {"path":"C:\\Users\\richa\\Desktop\\RRC\\S3\\Back-End Development\\Final_Project\\3018_Final_Project\\src\\api\\v1\\middleware\\upload.ts","statementMap":{"0":{"start":{"line":1,"column":0},"end":{"line":1,"column":28}},"1":{"start":{"line":2,"column":0},"end":{"line":2,"column":24}},"2":{"start":{"line":7,"column":16},"end":{"line":16,"column":2}},"3":{"start":{"line":9,"column":4},"end":{"line":9,"column":25}},"4":{"start":{"line":13,"column":6},"end":{"line":13,"column":56}},"5":{"start":{"line":14,"column":4},"end":{"line":14,"column":59}},"6":{"start":{"line":21,"column":49},"end":{"line":33,"column":1}},"7":{"start":{"line":22,"column":23},"end":{"line":22,"column":41}},"8":{"start":{"line":25,"column":4},"end":{"line":26,"column":68}},"9":{"start":{"line":28,"column":2},"end":{"line":32,"column":3}},"10":{"start":{"line":29,"column":4},"end":{"line":29,"column":19}},"11":{"start":{"line":31,"column":4},"end":{"line":31,"column":54}},"12":{"start":{"line":38,"column":13},"end":{"line":44,"column":3}}},"fnMap":{"0":{"name":"(anonymous_1)","decl":{"start":{"line":8,"column":15},"end":{"line":8,"column":16}},"loc":{"start":{"line":8,"column":33},"end":{"line":10,"column":3}}},"1":{"name":"(anonymous_2)","decl":{"start":{"line":11,"column":12},"end":{"line":11,"column":13}},"loc":{"start":{"line":11,"column":30},"end":{"line":15,"column":3}}},"2":{"name":"(anonymous_3)","decl":{"start":{"line":21,"column":49},"end":{"line":21,"column":50}},"loc":{"start":{"line":21,"column":67},"end":{"line":33,"column":1}}}},"branchMap":{"0":{"loc":{"start":{"line":25,"column":4},"end":{"line":26,"column":68}},"type":"binary-expr","locations":[{"start":{"line":25,"column":4},"end":{"line":25,"column":36}},{"start":{"line":26,"column":4},"end":{"line":26,"column":68}}]},"1":{"loc":{"start":{"line":28,"column":2},"end":{"line":32,"column":3}},"type":"if","locations":[{"start":{"line":28,"column":2},"end":{"line":32,"column":3}},{"start":{"line":30,"column":9},"end":{"line":32,"column":3}}]}},"s":{"0":2,"1":2,"2":2,"3":0,"4":0,"5":0,"6":2,"7":0,"8":0,"9":0,"10":0,"11":0,"12":2},"f":{"0":0,"1":0,"2":0},"b":{"0":[0,0],"1":[0,0]}}
,"C:\\Users\\richa\\Desktop\\RRC\\S3\\Back-End Development\\Final_Project\\3018_Final_Project\\src\\api\\v1\\middleware\\validateRequest.ts": {"path":"C:\\Users\\richa\\Desktop\\RRC\\S3\\Back-End Development\\Final_Project\\3018_Final_Project\\src\\api\\v1\\middleware\\validateRequest.ts","statementMap":{"0":{"start":{"line":13,"column":31},"end":{"line":33,"column":1}},"1":{"start":{"line":14,"column":2},"end":{"line":32,"column":4}},"2":{"start":{"line":15,"column":29},"end":{"line":18,"column":6}},"3":{"start":{"line":21,"column":4},"end":{"line":26,"column":5}},"4":{"start":{"line":22,"column":6},"end":{"line":25,"column":9}},"5":{"start":{"line":24,"column":42},"end":{"line":24,"column":53}},"6":{"start":{"line":29,"column":4},"end":{"line":29,"column":21}},"7":{"start":{"line":31,"column":4},"end":{"line":31,"column":11}},"8":{"start":{"line":13,"column":13},"end":{"line":13,"column":31}}},"fnMap":{"0":{"name":"(anonymous_0)","decl":{"start":{"line":13,"column":31},"end":{"line":13,"column":32}},"loc":{"start":{"line":13,"column":56},"end":{"line":33,"column":1}}},"1":{"name":"(anonymous_1)","decl":{"start":{"line":14,"column":9},"end":{"line":14,"column":10}},"loc":{"start":{"line":14,"column":61},"end":{"line":32,"column":3}}},"2":{"name":"(anonymous_2)","decl":{"start":{"line":24,"column":35},"end":{"line":24,"column":38}},"loc":{"start":{"line":24,"column":42},"end":{"line":24,"column":53}}}},"branchMap":{"0":{"loc":{"start":{"line":21,"column":4},"end":{"line":26,"column":5}},"type":"if","locations":[{"start":{"line":21,"column":4},"end":{"line":26,"column":5}},{"start":{},"end":{}}]}},"s":{"0":0,"1":0,"2":0,"3":0,"4":0,"5":0,"6":0,"7":0,"8":0},"f":{"0":0,"1":0,"2":0},"b":{"0":[0,0]}}
,"C:\\Users\\richa\\Desktop\\RRC\\S3\\Back-End Development\\Final_Project\\3018_Final_Project\\src\\api\\v1\\routes\\adminRoutes.ts": {"path":"C:\\Users\\richa\\Desktop\\RRC\\S3\\Back-End Development\\Final_Project\\3018_Final_Project\\src\\api\\v1\\routes\\adminRoutes.ts","statementMap":{"0":{"start":{"line":1,"column":0},"end":{"line":1,"column":33}},"1":{"start":{"line":2,"column":0},"end":{"line":2,"column":65}},"2":{"start":{"line":3,"column":0},"end":{"line":3,"column":58}},"3":{"start":{"line":4,"column":0},"end":{"line":4,"column":62}},"4":{"start":{"line":5,"column":0},"end":{"line":5,"column":38}},"5":{"start":{"line":7,"column":15},"end":{"line":7,"column":23}},"6":{"start":{"line":12,"column":0},"end":{"line":17,"column":2}},"7":{"start":{"line":19,"column":0},"end":{"line":19,"column":22}}},"fnMap":{},"branchMap":{},"s":{"0":2,"1":2,"2":2,"3":2,"4":2,"5":2,"6":2,"7":2},"f":{},"b":{}}
,"C:\\Users\\richa\\Desktop\\RRC\\S3\\Back-End Development\\Final_Project\\3018_Final_Project\\src\\api\\v1\\routes\\fileRoutes.ts": {"path":"C:\\Users\\richa\\Desktop\\RRC\\S3\\Back-End Development\\Final_Project\\3018_Final_Project\\src\\api\\v1\\routes\\fileRoutes.ts","statementMap":{"0":{"start":{"line":1,"column":0},"end":{"line":1,"column":33}},"1":{"start":{"line":2,"column":0},"end":{"line":2,"column":null}},"2":{"start":{"line":10,"column":0},"end":{"line":10,"column":58}},"3":{"start":{"line":11,"column":0},"end":{"line":11,"column":62}},"4":{"start":{"line":12,"column":0},"end":{"line":12,"column":38}},"5":{"start":{"line":14,"column":15},"end":{"line":14,"column":23}},"6":{"start":{"line":48,"column":0},"end":{"line":58,"column":2}},"7":{"start":{"line":80,"column":0},"end":{"line":90,"column":2}},"8":{"start":{"line":122,"column":0},"end":{"line":127,"column":2}},"9":{"start":{"line":155,"column":0},"end":{"line":160,"column":2}},"10":{"start":{"line":182,"column":0},"end":{"line":187,"column":2}},"11":{"start":{"line":189,"column":0},"end":{"line":189,"column":22}}},"fnMap":{},"branchMap":{},"s":{"0":2,"1":2,"2":2,"3":2,"4":2,"5":2,"6":2,"7":2,"8":2,"9":2,"10":2,"11":2},"f":{},"b":{}}
,"C:\\Users\\richa\\Desktop\\RRC\\S3\\Back-End Development\\Final_Project\\3018_Final_Project\\src\\api\\v1\\routes\\uploadRoutes.ts": {"path":"C:\\Users\\richa\\Desktop\\RRC\\S3\\Back-End Development\\Final_Project\\3018_Final_Project\\src\\api\\v1\\routes\\uploadRoutes.ts","statementMap":{"0":{"start":{"line":1,"column":0},"end":{"line":1,"column":33}},"1":{"start":{"line":2,"column":0},"end":{"line":2,"column":46}},"2":{"start":{"line":3,"column":0},"end":{"line":3,"column":61}},"3":{"start":{"line":4,"column":0},"end":{"line":4,"column":58}},"4":{"start":{"line":5,"column":0},"end":{"line":5,"column":62}},"5":{"start":{"line":6,"column":0},"end":{"line":6,"column":38}},"6":{"start":{"line":8,"column":15},"end":{"line":8,"column":23}},"7":{"start":{"line":59,"column":0},"end":{"line":69,"column":2}},"8":{"start":{"line":71,"column":0},"end":{"line":71,"column":22}}},"fnMap":{},"branchMap":{},"s":{"0":2,"1":2,"2":2,"3":2,"4":2,"5":2,"6":2,"7":2,"8":2},"f":{},"b":{}}
,"C:\\Users\\richa\\Desktop\\RRC\\S3\\Back-End Development\\Final_Project\\3018_Final_Project\\src\\api\\v1\\services\\fileService.ts": {"path":"C:\\Users\\richa\\Desktop\\RRC\\S3\\Back-End Development\\Final_Project\\3018_Final_Project\\src\\api\\v1\\services\\fileService.ts","statementMap":{"0":{"start":{"line":1,"column":0},"end":{"line":1,"column":47}},"1":{"start":{"line":6,"column":27},"end":{"line":13,"column":2}},"2":{"start":{"line":6,"column":38},"end":{"line":13,"column":2}},"3":{"start":{"line":7,"column":19},"end":{"line":7,"column":53}},"4":{"start":{"line":9,"column":2},"end":{"line":12,"column":6}},"5":{"start":{"line":9,"column":34},"end":{"line":11,"column":null}},"6":{"start":{"line":6,"column":13},"end":{"line":6,"column":27}},"7":{"start":{"line":18,"column":27},"end":{"line":27,"column":2}},"8":{"start":{"line":18,"column":48},"end":{"line":27,"column":2}},"9":{"start":{"line":19,"column":14},"end":{"line":19,"column":56}},"10":{"start":{"line":21,"column":2},"end":{"line":21,"column":31}},"11":{"start":{"line":21,"column":19},"end":{"line":21,"column":31}},"12":{"start":{"line":23,"column":2},"end":{"line":25,"column":null}},"13":{"start":{"line":18,"column":13},"end":{"line":18,"column":27}},"14":{"start":{"line":32,"column":26},"end":{"line":42,"column":2}},"15":{"start":{"line":32,"column":46},"end":{"line":42,"column":2}},"16":{"start":{"line":33,"column":14},"end":{"line":35,"column":null}},"17":{"start":{"line":38,"column":2},"end":{"line":40,"column":null}},"18":{"start":{"line":32,"column":13},"end":{"line":32,"column":26}},"19":{"start":{"line":47,"column":26},"end":{"line":59,"column":2}},"20":{"start":{"line":47,"column":58},"end":{"line":59,"column":2}},"21":{"start":{"line":48,"column":14},"end":{"line":48,"column":44}},"22":{"start":{"line":49,"column":14},"end":{"line":49,"column":29}},"23":{"start":{"line":51,"column":2},"end":{"line":51,"column":31}},"24":{"start":{"line":51,"column":19},"end":{"line":51,"column":31}},"25":{"start":{"line":53,"column":2},"end":{"line":53,"column":25}},"26":{"start":{"line":55,"column":2},"end":{"line":57,"column":null}},"27":{"start":{"line":47,"column":13},"end":{"line":47,"column":26}},"28":{"start":{"line":64,"column":26},"end":{"line":72,"column":2}},"29":{"start":{"line":64,"column":47},"end":{"line":72,"column":2}},"30":{"start":{"line":65,"column":14},"end":{"line":65,"column":44}},"31":{"start":{"line":66,"column":14},"end":{"line":66,"column":29}},"32":{"start":{"line":68,"column":2},"end":{"line":68,"column":32}},"33":{"start":{"line":68,"column":19},"end":{"line":68,"column":32}},"34":{"start":{"line":70,"column":2},"end":{"line":70,"column":21}},"35":{"start":{"line":71,"column":2},"end":{"line":71,"column":14}},"36":{"start":{"line":64,"column":13},"end":{"line":64,"column":26}},"37":{"start":{"line":77,"column":33},"end":{"line":90,"column":2}},"38":{"start":{"line":77,"column":57},"end":{"line":90,"column":2}},"39":{"start":{"line":78,"column":39},"end":{"line":78,"column":61}},"40":{"start":{"line":80,"column":2},"end":{"line":82,"column":3}},"41":{"start":{"line":81,"column":4},"end":{"line":81,"column":47}},"42":{"start":{"line":84,"column":19},"end":{"line":84,"column":36}},"43":{"start":{"line":86,"column":2},"end":{"line":89,"column":6}},"44":{"start":{"line":86,"column":36},"end":{"line":88,"column":null}},"45":{"start":{"line":77,"column":13},"end":{"line":77,"column":33}}},"fnMap":{"0":{"name":"(anonymous_7)","decl":{"start":{"line":6,"column":27},"end":{"line":6,"column":36}},"loc":{"start":{"line":6,"column":38},"end":{"line":13,"column":2}}},"1":{"name":"(anonymous_8)","decl":{"start":{"line":6,"column":38},"end":{"line":6,"column":null}},"loc":{"start":{"line":6,"column":38},"end":{"line":13,"column":1}}},"2":{"name":"(anonymous_9)","decl":{"start":{"line":9,"column":27},"end":{"line":9,"column":30}},"loc":{"start":{"line":9,"column":34},"end":{"line":11,"column":null}}},"3":{"name":"(anonymous_10)","decl":{"start":{"line":18,"column":27},"end":{"line":18,"column":34}},"loc":{"start":{"line":18,"column":48},"end":{"line":27,"column":2}}},"4":{"name":"(anonymous_11)","decl":{"start":{"line":18,"column":48},"end":{"line":18,"column":null}},"loc":{"start":{"line":18,"column":48},"end":{"line":27,"column":1}}},"5":{"name":"(anonymous_12)","decl":{"start":{"line":32,"column":26},"end":{"line":32,"column":33}},"loc":{"start":{"line":32,"column":46},"end":{"line":42,"column":2}}},"6":{"name":"(anonymous_13)","decl":{"start":{"line":32,"column":46},"end":{"line":32,"column":null}},"loc":{"start":{"line":32,"column":46},"end":{"line":42,"column":1}}},"7":{"name":"(anonymous_14)","decl":{"start":{"line":47,"column":26},"end":{"line":47,"column":33}},"loc":{"start":{"line":47,"column":58},"end":{"line":59,"column":2}}},"8":{"name":"(anonymous_15)","decl":{"start":{"line":47,"column":58},"end":{"line":47,"column":null}},"loc":{"start":{"line":47,"column":58},"end":{"line":59,"column":1}}},"9":{"name":"(anonymous_16)","decl":{"start":{"line":64,"column":26},"end":{"line":64,"column":33}},"loc":{"start":{"line":64,"column":47},"end":{"line":72,"column":2}}},"10":{"name":"(anonymous_17)","decl":{"start":{"line":64,"column":47},"end":{"line":64,"column":null}},"loc":{"start":{"line":64,"column":47},"end":{"line":72,"column":1}}},"11":{"name":"(anonymous_18)","decl":{"start":{"line":77,"column":33},"end":{"line":77,"column":40}},"loc":{"start":{"line":77,"column":57},"end":{"line":90,"column":2}}},"12":{"name":"(anonymous_19)","decl":{"start":{"line":77,"column":57},"end":{"line":77,"column":null}},"loc":{"start":{"line":77,"column":57},"end":{"line":90,"column":1}}},"13":{"name":"(anonymous_20)","decl":{"start":{"line":86,"column":27},"end":{"line":86,"column":28}},"loc":{"start":{"line":86,"column":36},"end":{"line":88,"column":null}}}},"branchMap":{"0":{"loc":{"start":{"line":21,"column":2},"end":{"line":21,"column":31}},"type":"if","locations":[{"start":{"line":21,"column":2},"end":{"line":21,"column":31}},{"start":{},"end":{}}]},"1":{"loc":{"start":{"line":51,"column":2},"end":{"line":51,"column":31}},"type":"if","locations":[{"start":{"line":51,"column":2},"end":{"line":51,"column":31}},{"start":{},"end":{}}]},"2":{"loc":{"start":{"line":68,"column":2},"end":{"line":68,"column":32}},"type":"if","locations":[{"start":{"line":68,"column":2},"end":{"line":68,"column":32}},{"start":{},"end":{}}]},"3":{"loc":{"start":{"line":80,"column":2},"end":{"line":82,"column":3}},"type":"if","locations":[{"start":{"line":80,"column":2},"end":{"line":82,"column":3}},{"start":{},"end":{}}]}},"s":{"0":2,"1":2,"2":2,"3":2,"4":2,"5":14,"6":2,"7":2,"8":3,"9":3,"10":3,"11":2,"12":1,"13":2,"14":2,"15":1,"16":1,"17":1,"18":2,"19":2,"20":1,"21":1,"22":1,"23":1,"24":0,"25":1,"26":1,"27":2,"28":2,"29":1,"30":1,"31":1,"32":1,"33":0,"34":1,"35":1,"36":2,"37":2,"38":1,"39":1,"40":1,"41":1,"42":1,"43":1,"44":7,"45":2},"f":{"0":2,"1":2,"2":14,"3":3,"4":3,"5":1,"6":1,"7":1,"8":1,"9":1,"10":1,"11":1,"12":1,"13":7},"b":{"0":[2,1],"1":[0,1],"2":[0,1],"3":[1,0]}}
,"C:\\Users\\richa\\Desktop\\RRC\\S3\\Back-End Development\\Final_Project\\3018_Final_Project\\src\\api\\v1\\types\\roles.ts": {"path":"C:\\Users\\richa\\Desktop\\RRC\\S3\\Back-End Development\\Final_Project\\3018_Final_Project\\src\\api\\v1\\types\\roles.ts","statementMap":{"0":{"start":{"line":1,"column":0},"end":{"line":1,"column":null}},"1":{"start":{"line":2,"column":2},"end":{"line":2,"column":null}},"2":{"start":{"line":3,"column":2},"end":{"line":3,"column":null}},"3":{"start":{"line":4,"column":2},"end":{"line":4,"column":null}},"4":{"start":{"line":5,"column":2},"end":{"line":5,"column":null}}},"fnMap":{"0":{"name":"(anonymous_0)","decl":{"start":{"line":1,"column":0},"end":{"line":1,"column":12}},"loc":{"start":{"line":1,"column":16},"end":{"line":6,"column":1}}}},"branchMap":{"0":{"loc":{"start":{"line":1,"column":12},"end":{"line":1,"column":null}},"type":"binary-expr","locations":[{"start":{"line":1,"column":12},"end":{"line":1,"column":16}},{"start":{"line":1,"column":16},"end":{"line":1,"column":null}}]}},"s":{"0":2,"1":2,"2":2,"3":2,"4":2},"f":{"0":2},"b":{"0":[2,2]}}
,"C:\\Users\\richa\\Desktop\\RRC\\S3\\Back-End Development\\Final_Project\\3018_Final_Project\\src\\api\\v1\\validation\\fileSchemas.ts": {"path":"C:\\Users\\richa\\Desktop\\RRC\\S3\\Back-End Development\\Final_Project\\3018_Final_Project\\src\\api\\v1\\validation\\fileSchemas.ts","statementMap":{"0":{"start":{"line":6,"column":0},"end":{"line":6,"column":22}},"1":{"start":{"line":13,"column":13},"end":{"line":29,"column":3}},"2":{"start":{"line":35,"column":13},"end":{"line":39,"column":3}}},"fnMap":{},"branchMap":{},"s":{"0":0,"1":0,"2":0},"f":{},"b":{}}
,"C:\\Users\\richa\\Desktop\\RRC\\S3\\Back-End Development\\Final_Project\\3018_Final_Project\\src\\constants\\httpStatus.ts": {"path":"C:\\Users\\richa\\Desktop\\RRC\\S3\\Back-End Development\\Final_Project\\3018_Final_Project\\src\\constants\\httpStatus.ts","statementMap":{"0":{"start":{"line":1,"column":13},"end":{"line":7,"column":11}}},"fnMap":{},"branchMap":{},"s":{"0":0},"f":{},"b":{}}
}
