TN:
SF:src\app.ts
FN:23,(anonymous_1)
FNF:1
FNH:1
FNDA:1,(anonymous_1)
DA:1,2
DA:2,2
DA:3,2
DA:4,2
DA:5,2
DA:6,2
DA:7,2
DA:8,2
DA:11,2
DA:13,2
DA:15,2
DA:17,2
DA:23,2
DA:24,1
DA:31,2
DA:33,2
DA:35,2
DA:38,2
DA:40,2
LF:19
LH:19
BRF:0
BRH:0
end_of_record
TN:
SF:src\api\v1\configs\corsConfig.ts
FN:1,(anonymous_0)
FNF:1
FNH:1
FNDA:2,(anonymous_0)
DA:1,2
DA:2,2
DA:4,2
DA:5,0
DA:11,2
DA:19,2
LF:6
LH:5
BRDA:4,0,0,0
BRDA:4,0,1,2
BRDA:12,1,0,2
BRDA:12,1,1,0
BRDA:12,2,0,0
BRDA:12,2,1,2
BRDA:12,3,0,2
BRDA:12,3,1,2
BRF:8
BRH:5
end_of_record
TN:
SF:src\api\v1\configs\firebaseConfig.ts
FN:27,(anonymous_0)
FN:63,(anonymous_1)
FNF:2
FNH:2
FNDA:2,(anonymous_0)
FNDA:2,(anonymous_1)
DA:8,2
DA:17,2
DA:18,2
DA:19,2
DA:27,2
DA:32,2
DA:34,2
DA:39,0
DA:44,2
DA:50,2
DA:63,2
DA:64,2
DA:66,2
DA:67,0
DA:70,2
DA:74,2
DA:77,2
DA:78,2
DA:79,2
DA:82,2
LF:20
LH:18
BRDA:34,0,0,0
BRDA:34,0,1,2
BRDA:35,1,0,2
BRDA:35,1,1,2
BRDA:35,1,2,2
BRDA:66,2,0,0
BRDA:66,2,1,2
BRF:7
BRH:5
end_of_record
TN:
SF:src\api\v1\configs\helmetConfig.ts
FN:3,(anonymous_1)
FNF:1
FNH:1
FNDA:2,(anonymous_1)
DA:1,2
DA:3,2
DA:4,2
DA:7,2
DA:13,2
DA:14,0
DA:20,2
LF:7
LH:6
BRDA:13,0,0,0
BRDA:13,0,1,2
BRF:2
BRH:1
end_of_record
TN:
SF:src\api\v1\configs\swagger.ts
FN:36,(anonymous_1)
FNF:1
FNH:1
FNDA:2,(anonymous_1)
DA:2,2
DA:3,2
DA:5,2
DA:34,2
DA:36,2
DA:37,2
DA:40,2
LF:7
LH:7
BRF:0
BRH:0
end_of_record
TN:
SF:src\api\v1\controllers\adminController.ts
FN:8,(anonymous_7)
FN:8,(anonymous_8)
FNF:2
FNH:0
FNDA:0,(anonymous_7)
FNDA:0,(anonymous_8)
DA:3,2
DA:8,2
DA:9,0
DA:10,0
DA:13,0
DA:14,0
DA:20,0
DA:23,0
DA:25,0
DA:29,0
DA:30,0
LF:11
LH:2
BRDA:13,0,0,0
BRDA:13,0,1,0
BRDA:13,1,0,0
BRDA:13,1,1,0
BRF:4
BRH:0
end_of_record
TN:
SF:src\api\v1\controllers\fileController.ts
FN:7,(anonymous_16)
FN:7,(anonymous_17)
FN:34,(anonymous_18)
FN:34,(anonymous_19)
FN:47,(anonymous_20)
FN:47,(anonymous_21)
FN:55,(anonymous_22)
FN:55,(anonymous_23)
FN:71,(anonymous_24)
FN:71,(anonymous_25)
FNF:10
FNH:10
FNDA:3,(anonymous_16)
FNDA:3,(anonymous_17)
FNDA:3,(anonymous_18)
FNDA:3,(anonymous_19)
FNDA:1,(anonymous_20)
FNDA:1,(anonymous_21)
FNDA:1,(anonymous_22)
FNDA:1,(anonymous_23)
FNDA:1,(anonymous_24)
FNDA:1,(anonymous_25)
DA:2,2
DA:7,3
DA:8,3
DA:9,3
DA:13,3
DA:15,1
DA:18,2
DA:21,3
DA:23,0
DA:25,0
DA:34,3
DA:35,3
DA:37,3
DA:38,2
DA:41,1
DA:47,2
DA:48,1
DA:49,1
DA:55,2
DA:56,1
DA:61,1
DA:62,0
DA:65,1
DA:71,2
DA:72,1
DA:74,1
DA:75,0
DA:78,1
LF:28
LH:24
BRDA:13,0,0,1
BRDA:13,0,1,2
BRDA:37,1,0,2
BRDA:37,1,1,1
BRDA:61,2,0,0
BRDA:61,2,1,1
BRDA:74,3,0,0
BRDA:74,3,1,1
BRF:8
BRH:6
end_of_record
TN:
SF:src\api\v1\controllers\uploadController.ts
FN:8,(anonymous_8)
FN:8,(anonymous_9)
FNF:2
FNH:0
FNDA:0,(anonymous_8)
FNDA:0,(anonymous_9)
DA:2,2
DA:3,2
DA:8,2
DA:9,0
DA:10,0
DA:11,0
DA:16,0
DA:17,0
DA:19,0
DA:20,0
DA:22,0
DA:28,0
DA:30,0
DA:32,0
DA:40,0
DA:42,0
DA:49,0
DA:51,0
LF:18
LH:3
BRDA:10,0,0,0
BRDA:10,0,1,0
BRF:2
BRH:0
end_of_record
TN:
SF:src\api\v1\middleware\authenticate.ts
FN:13,(anonymous_7)
FN:17,(anonymous_8)
FNF:2
FNH:0
FNDA:0,(anonymous_7)
FNDA:0,(anonymous_8)
DA:2,0
DA:3,0
DA:13,0
DA:17,0
DA:18,0
DA:22,0
DA:24,0
DA:25,0
DA:33,0
DA:38,0
DA:43,0
DA:46,0
DA:51,0
DA:52,0
DA:57,0
DA:59,0
LF:16
LH:0
BRDA:24,0,0,0
BRDA:24,0,1,0
BRDA:24,1,0,0
BRDA:24,1,1,0
BRDA:46,2,0,0
BRDA:46,2,1,0
BRF:6
BRH:0
end_of_record
TN:
SF:src\api\v1\middleware\authorizeRoles.ts
FN:9,(anonymous_0)
FN:10,(anonymous_1)
FNF:2
FNH:2
FNDA:14,(anonymous_0)
FNDA:9,(anonymous_1)
DA:9,2
DA:10,14
DA:14,9
DA:19,9
DA:20,0
DA:28,9
DA:29,0
DA:37,9
LF:8
LH:6
BRDA:19,0,0,0
BRDA:19,0,1,9
BRDA:28,1,0,0
BRDA:28,1,1,9
BRF:4
BRH:2
end_of_record
TN:
SF:src\api\v1\middleware\upload.ts
FN:8,(anonymous_1)
FN:11,(anonymous_2)
FN:21,(anonymous_3)
FNF:3
FNH:0
FNDA:0,(anonymous_1)
FNDA:0,(anonymous_2)
FNDA:0,(anonymous_3)
DA:1,2
DA:2,2
DA:7,2
DA:9,0
DA:13,0
DA:14,0
DA:21,2
DA:22,0
DA:25,0
DA:28,0
DA:29,0
DA:31,0
DA:38,2
LF:13
LH:5
BRDA:25,0,0,0
BRDA:25,0,1,0
BRDA:28,1,0,0
BRDA:28,1,1,0
BRF:4
BRH:0
end_of_record
TN:
SF:src\api\v1\middleware\validateRequest.ts
FN:13,(anonymous_0)
FN:14,(anonymous_1)
FN:24,(anonymous_2)
FNF:3
FNH:0
FNDA:0,(anonymous_0)
FNDA:0,(anonymous_1)
FNDA:0,(anonymous_2)
DA:13,0
DA:14,0
DA:15,0
DA:21,0
DA:22,0
DA:24,0
DA:29,0
DA:31,0
LF:8
LH:0
BRDA:21,0,0,0
BRDA:21,0,1,0
BRF:2
BRH:0
end_of_record
TN:
SF:src\api\v1\routes\adminRoutes.ts
FNF:0
FNH:0
DA:1,2
DA:2,2
DA:3,2
DA:4,2
DA:5,2
DA:7,2
DA:12,2
DA:19,2
LF:8
LH:8
BRF:0
BRH:0
end_of_record
TN:
SF:src\api\v1\routes\fileRoutes.ts
FNF:0
FNH:0
DA:1,2
DA:2,2
DA:10,2
DA:11,2
DA:12,2
DA:14,2
DA:48,2
DA:80,2
DA:122,2
DA:155,2
DA:182,2
DA:189,2
LF:12
LH:12
BRF:0
BRH:0
end_of_record
TN:
SF:src\api\v1\routes\uploadRoutes.ts
FNF:0
FNH:0
DA:1,2
DA:2,2
DA:3,2
DA:4,2
DA:5,2
DA:6,2
DA:8,2
DA:59,2
DA:71,2
LF:9
LH:9
BRF:0
BRH:0
end_of_record
TN:
SF:src\api\v1\services\fileService.ts
FN:6,(anonymous_7)
FN:6,(anonymous_8)
FN:9,(anonymous_9)
FN:18,(anonymous_10)
FN:18,(anonymous_11)
FN:32,(anonymous_12)
FN:32,(anonymous_13)
FN:47,(anonymous_14)
FN:47,(anonymous_15)
FN:64,(anonymous_16)
FN:64,(anonymous_17)
FN:77,(anonymous_18)
FN:77,(anonymous_19)
FN:86,(anonymous_20)
FNF:14
FNH:14
FNDA:2,(anonymous_7)
FNDA:2,(anonymous_8)
FNDA:14,(anonymous_9)
FNDA:3,(anonymous_10)
FNDA:3,(anonymous_11)
FNDA:1,(anonymous_12)
FNDA:1,(anonymous_13)
FNDA:1,(anonymous_14)
FNDA:1,(anonymous_15)
FNDA:1,(anonymous_16)
FNDA:1,(anonymous_17)
FNDA:1,(anonymous_18)
FNDA:1,(anonymous_19)
FNDA:7,(anonymous_20)
DA:1,2
DA:6,2
DA:7,2
DA:9,14
DA:18,3
DA:19,3
DA:21,3
DA:23,1
DA:32,2
DA:33,1
DA:38,1
DA:47,2
DA:48,1
DA:49,1
DA:51,1
DA:53,1
DA:55,1
DA:64,2
DA:65,1
DA:66,1
DA:68,1
DA:70,1
DA:71,1
DA:77,2
DA:78,1
DA:80,1
DA:81,1
DA:84,1
DA:86,7
LF:29
LH:29
BRDA:21,0,0,2
BRDA:21,0,1,1
BRDA:51,1,0,0
BRDA:51,1,1,1
BRDA:68,2,0,0
BRDA:68,2,1,1
BRDA:80,3,0,1
BRDA:80,3,1,0
BRF:8
BRH:5
end_of_record
TN:
SF:src\api\v1\types\roles.ts
FN:1,(anonymous_0)
FNF:1
FNH:1
FNDA:2,(anonymous_0)
DA:1,2
DA:2,2
DA:3,2
DA:4,2
DA:5,2
LF:5
LH:5
BRDA:1,0,0,2
BRDA:1,0,1,2
BRF:2
BRH:2
end_of_record
TN:
SF:src\api\v1\validation\fileSchemas.ts
FNF:0
FNH:0
DA:6,0
DA:13,0
DA:35,0
LF:3
LH:0
BRF:0
BRH:0
end_of_record
TN:
SF:src\constants\httpStatus.ts
FNF:0
FNH:0
DA:1,0
LF:1
LH:0
BRF:0
BRH:0
end_of_record
